<?xml version="1.0" encoding="UTF-8"?>
<testng-results ignored="0" total="1" passed="1" failed="0" skipped="0">
  <reporter-output>
  </reporter-output>
  <suite started-at="2024-02-14T18:54:20 IST" name="Default suite" finished-at="2024-02-14T18:54:23 IST" duration-ms="2788">
    <groups>
    </groups>
    <test started-at="2024-02-14T18:54:20 IST" name="Default test" finished-at="2024-02-14T18:54:23 IST" duration-ms="2788">
      <class name="reqRes.Users">
        <test-method signature="LogibnToShopperStack()[pri:0, instance:reqRes.Users@795cd85e]" started-at="2024-02-14T18:54:20 IST" name="LogibnToShopperStack" finished-at="2024-02-14T18:54:23 IST" duration-ms="2752" status="PASS">
          <reporter-output>
          </reporter-output>
        </test-method> <!-- LogibnToShopperStack -->
      </class> <!-- reqRes.Users -->
    </test> <!-- Default test -->
  </suite> <!-- Default suite -->
</testng-results>
